[debug] > Exec(early(addDefaultCommands), None, None)
[debug] > Exec(addDefaultCommands, None, None)
[debug] > Exec(early(initialize), None, None)
[debug] > Exec(initialize, None, None)
[debug] > Exec(early(addPluginSbtFile="""C:\Users\ANDRIY~1\AppData\Local\Temp\idea.sbt"""), None, None)
[debug] > Exec(addPluginSbtFile="""C:\Users\ANDRIY~1\AppData\Local\Temp\idea.sbt""", None, None)
[debug] > Exec(boot, None, None)
[debug] > Exec(writeSbtVersion, None, None)
[debug] > Exec(reload, None, None)
[debug] > Exec(sbtStashOnFailure, None, None)
[debug] > Exec(onFailure loadFailed, None, None)
[debug] > Exec(loadp, None, None)
[info] welcome to sbt 1.9.5 (Oracle Corporation Java 1.8.0_202)
[debug] Load.defaultLoad until apply took 175.206301ms
[debug]           Load.loadUnit: plugins took 389.987999ms
[debug]           Load.loadUnit: defsScala took 0.8328ms
[debug] [Loading] Scanning directory C:\Users\Andriy Ocheretyanyy\1Training\Spark_with_Scala\Spark\project
[debug]             Load.loadUnit: mkEval took 15.943301ms
[debug] [Loading] Found non-root projects 
[debug] [Loading] Done in C:\Users\Andriy Ocheretyanyy\1Training\Spark_with_Scala\Spark\project, returning: ()
[debug] deducing auto plugins based on known facts Set(Atom(sbt.plugins.CorePlugin)) and clauses Clauses(Clause(Atom(sbt.plugins.JvmPlugin),Set(Atom(sbt.plugins.IvyPlugin)))
[debug] Clause(Atom(sbt.ScriptedPlugin),Set(Atom(sbt.plugins.JvmPlugin)))
[debug] Clause(Atom(sbt.plugins.SbtPlugin),Set(Atom(sbt.ScriptedPlugin)))
[debug] Clause(Atom(sbt.plugins.SemanticdbPlugin),Set(Atom(sbt.plugins.JvmPlugin)))
[debug] Clause(Atom(sbt.plugins.JUnitXmlReportPlugin),Set(Atom(sbt.plugins.JvmPlugin)))
[debug] Clause(Atom(sbt.plugins.MiniDependencyTreePlugin),Set(Atom(sbt.plugins.JvmPlugin)))
[debug] Clause(Atom(sbt.plugins.CorePlugin),Set(Atom(sbt.plugins.IvyPlugin)))
[debug] Clause(Atom(sbt.plugins.IvyPlugin),Set(Atom(sbt.plugins.JvmPlugin)))
[debug] Clause(Atom(sbt.plugins.JvmPlugin),Set(Atom(sbt.plugins.SemanticdbPlugin)))
[debug] Clause(Atom(sbt.plugins.JvmPlugin),Set(Atom(sbt.plugins.JUnitXmlReportPlugin)))
[debug] Clause(Atom(sbt.plugins.CorePlugin),Set(Atom(sbt.plugins.Giter8TemplatePlugin)))
[debug] Clause(Atom(sbt.plugins.JvmPlugin),Set(Atom(sbt.plugins.MiniDependencyTreePlugin))))
[debug]   :: deduced result: Matched(sbt.plugins.CorePlugin,sbt.plugins.Giter8TemplatePlugin,sbt.plugins.IvyPlugin,sbt.plugins.JvmPlugin,sbt.plugins.MiniDependencyTreePlugin,sbt.plugins.JUnitXmlReportPlugin,sbt.plugins.SemanticdbPlugin)
[debug] Plugins.deducer#function took 33.8999 ms
[info] loading settings for project spark-build from plugins.sbt,idea.sbt ...
[debug]               Load.resolveProject(spark-build) took 115.3445ms
[debug]             Load.loadTransitive: finalizeProject(Project(id spark-build, base: C:\Users\Andriy Ocheretyanyy\1Training\Spark_with_Scala\Spark\project, plugins: List(<none>))) took 196.5713ms
[debug] [Loading] Done in C:\Users\Andriy Ocheretyanyy\1Training\Spark_with_Scala\Spark\project, returning: (spark-build)
[debug]           Load.loadUnit: loadedProjectsRaw took 803.167699ms
[debug]           Load.loadUnit: cleanEvalClasses took 19.7842ms
[debug]         Load.loadUnit(file:/C:/Users/Andriy%20Ocheretyanyy/1Training/Spark_with_Scala/Spark/project/, ...) took 1225.6081ms
[debug]       Load.apply: load took 1434.008901ms
[debug]       Load.apply: resolveProjects took 10.4443ms
[debug]       Load.apply: finalTransforms took 102.5861ms
[debug]       Load.apply: config.delegates took 10.9925ms
[debug]       Load.apply: Def.make(settings)... took 708.228999ms
[debug]       Load.apply: structureIndex took 183.369099ms
[debug]       Load.apply: mkStreams took 3.2201ms
[info] loading project definition from C:\Users\Andriy Ocheretyanyy\1Training\Spark_with_Scala\Spark\project
[debug] Running task... Cancel: Signal, check cycles: false, forcegc: true
[debug]     Load.loadUnit: plugins took 4383.6981ms
[debug]     Load.loadUnit: defsScala took 0.005501ms
[debug] [Loading] Scanning directory C:\Users\Andriy Ocheretyanyy\1Training\Spark_with_Scala\Spark
[debug]       Load.loadUnit: mkEval took 0.7986ms
[debug] [Loading] Found root project root w/ remaining 
[debug] deducing auto plugins based on known facts Set(Atom(sbt.plugins.CorePlugin)) and clauses Clauses(Clause(Atom(sbt.plugins.JvmPlugin),Set(Atom(sbt.plugins.IvyPlugin)))
[debug] Clause(Atom(sbt.ScriptedPlugin),Set(Atom(sbt.plugins.JvmPlugin)))
[debug] Clause(Atom(sbt.plugins.SbtPlugin),Set(Atom(sbt.ScriptedPlugin)))
[debug] Clause(Atom(sbt.plugins.SemanticdbPlugin),Set(Atom(sbt.plugins.JvmPlugin)))
[debug] Clause(Atom(sbt.plugins.JUnitXmlReportPlugin),Set(Atom(sbt.plugins.JvmPlugin)))
[debug] Clause(Atom(sbt.plugins.MiniDependencyTreePlugin),Set(Atom(sbt.plugins.JvmPlugin)))
[debug] Clause(Atom(sbtide.ConfigPlugin),Set(Atom(sbt.plugins.JvmPlugin)))
[debug] Clause(Atom(org.jetbrains.sbt.StructurePlugin),Set(Atom(sbt.plugins.JvmPlugin)))
[debug] Clause(Atom(org.jetbrains.sbt.IdeaShellPlugin),Set(Atom(sbt.plugins.JvmPlugin)))
[debug] Clause(Atom(org.jetbrains.sbt.indices.SbtIntellijIndicesPlugin),Set(Atom(sbt.plugins.JvmPlugin)))
[debug] Clause(Atom(sbt.plugins.CorePlugin),Set(Atom(sbt.plugins.IvyPlugin)))
[debug] Clause(Atom(sbt.plugins.IvyPlugin),Set(Atom(sbt.plugins.JvmPlugin)))
[debug] Clause(Atom(sbt.plugins.JvmPlugin),Set(Atom(sbt.plugins.SemanticdbPlugin)))
[debug] Clause(Atom(sbt.plugins.JvmPlugin),Set(Atom(sbt.plugins.JUnitXmlReportPlugin)))
[debug] Clause(Atom(sbt.plugins.CorePlugin),Set(Atom(sbt.plugins.Giter8TemplatePlugin)))
[debug] Clause(Atom(sbt.plugins.JvmPlugin),Set(Atom(sbt.plugins.MiniDependencyTreePlugin)))
[debug] Clause(Atom(sbt.plugins.JvmPlugin),Set(Atom(org.jetbrains.sbt.StructurePlugin)))
[debug] Clause(Atom(sbt.plugins.JvmPlugin),Set(Atom(org.jetbrains.sbt.IdeaShellPlugin)))
[debug] Clause(And(Set(Atom(sbt.plugins.CorePlugin), Atom(sbt.plugins.JvmPlugin))),Set(Atom(org.jetbrains.sbt.indices.SbtIntellijIndicesPlugin))))
[debug]   :: deduced result: Matched(sbt.plugins.CorePlugin,sbt.plugins.Giter8TemplatePlugin,sbt.plugins.IvyPlugin,sbt.plugins.JvmPlugin,sbt.plugins.SemanticdbPlugin,org.jetbrains.sbt.indices.SbtIntellijIndicesPlugin,sbt.plugins.JUnitXmlReportPlugin,org.jetbrains.sbt.IdeaShellPlugin,org.jetbrains.sbt.StructurePlugin,sbt.plugins.MiniDependencyTreePlugin)
[debug] Plugins.deducer#function took 5.8878 ms
[info] loading settings for project root from build.sbt ...
[debug]         Load.resolveProject(root) took 58.9982ms
[debug]       Load.loadTransitive: finalizeProject(Project(id root, base: C:\Users\Andriy Ocheretyanyy\1Training\Spark_with_Scala\Spark, plugins: List(<none>))) took 68.219901ms
[debug] [Loading] Done in C:\Users\Andriy Ocheretyanyy\1Training\Spark_with_Scala\Spark, returning: (root)
[debug]     Load.loadUnit: loadedProjectsRaw took 342.569799ms
[debug]     Load.loadUnit: cleanEvalClasses took 10.3053ms
[debug]   Load.loadUnit(file:/C:/Users/Andriy%20Ocheretyanyy/1Training/Spark_with_Scala/Spark/, ...) took 4738.935499ms
[debug] Load.apply: load took 4769.2716ms
[debug] Load.apply: resolveProjects took 0.1668ms
[debug] Load.apply: finalTransforms took 54.4551ms
[debug] Load.apply: config.delegates took 0.705ms
[debug] Load.apply: Def.make(settings)... took 161.0731ms
[debug] Load.apply: structureIndex took 60.507599ms
[debug] Load.apply: mkStreams took 0.0032ms
[info] set current project to Spark (in build file:/C:/Users/Andriy%20Ocheretyanyy/1Training/Spark_with_Scala/Spark/)
[warn] there's a key that's not used by any other settings/tasks:
[warn]  
[warn] * root / idePackagePrefix
[warn]   +- C:\Users\Andriy Ocheretyanyy\1Training\Spark_with_Scala\Spark\build.sbt:19
[warn]  
[warn] note: a setting might still be used by a command; to exclude a key from this `lintUnused` check
[warn] either append it to `Global / excludeLintKeys` or call .withRank(KeyRanks.Invisible) on the key
[debug] > Exec(sbtPopOnFailure, None, None)
[debug] > Exec(resumeFromFailure, None, None)
[debug] > Exec(notifyUsersAboutShell, None, None)
[debug] > Exec(iflast shell, None, None)
[debug] > Exec(; set ideaPort in Global := 11860 ; idea-shell, None, None)
[debug] > Exec(set ideaPort in Global := 11860, None, None)
[info] Defining Global / ideaPort
[info] The new value will be used by Compile / compile, Test / compile
[debug] Defining 
[debug] 	Global / ideaPort
[debug] 
[debug] The new value will be used by 
[debug] 	Compile / compile
[debug] 	Test / compile
[info] Reapplying settings...
[info] set current project to Spark (in build file:/C:/Users/Andriy%20Ocheretyanyy/1Training/Spark_with_Scala/Spark/)
[debug] > Exec(idea-shell, None, None)
